<?xml version="1.0" encoding="UTF-8"?>
<!-- Generated by org.testng.reporters.JUnitXMLReporter -->
<testsuite ignored="0" hostname="LAPTOP-2QC3IUED" failures="0" tests="1" name="Test" time="0.528" errors="0" timestamp="2024-03-27T10:45:39 IST">
  <testcase classname="BaseClass.Base" name="@BeforeMethod setup" time="0.039">
    <failure type="java.lang.Error" message="Unresolved compilation problems: 
	Keyword1 cannot be resolved
	Keyword1 cannot be resolved
">
      <![CDATA[java.lang.Error: Unresolved compilation problems: 
Keyword1 cannot be resolved
Keyword1 cannot be resolved

at BaseClass.Base.setup(Base.java:13)
at java.base/java.util.ArrayList.forEach(ArrayList.java:1511)
... Removed 31 stack frames]]>
    </failure>
  </testcase> <!-- @BeforeMethod setup -->
  <testcase classname="com.homepagemyntra.HomePageMyntra" name="searchProduct" time="0.0">
    <skipped/>
  </testcase> <!-- searchProduct -->
</testsuite> <!-- Test -->
